<?xml version="1.0" encoding="UTF-8"?>
<!-- Generated by org.testng.reporters.JUnitReportReporter -->
<testsuite skipped="0" hostname="Olenkas-Air.kyiv.epam.com" name="com.epam.labTA.web.CalculateAPITest" tests="9" failures="0" timestamp="2019-05-10T11:19:10 EEST" time="3.088" errors="0">
  <testcase name="verifyRightPercentageOperation" time="0.057" classname="com.epam.labTA.web.CalculateAPITest"/>
  <testcase name="verifyRightCalculateMethod" time="0.057" classname="com.epam.labTA.web.CalculateAPITest"/>
  <testcase name="checkRoundTo4Places" time="2.467" classname="com.epam.labTA.web.CalculateAPITest"/>
  <testcase name="verifyForbiddenZeroDivision" time="0.030" classname="com.epam.labTA.web.CalculateAPITest"/>
  <testcase name="verifyRightSubtractOperation" time="0.257" classname="com.epam.labTA.web.CalculateAPITest"/>
  <testcase name="verifyRightAddOperation" time="0.046" classname="com.epam.labTA.web.CalculateAPITest"/>
  <testcase name="verifyNegativeNumber" time="0.064" classname="com.epam.labTA.web.CalculateAPITest"/>
  <testcase name="verifyRightMultiplyOperation" time="0.065" classname="com.epam.labTA.web.CalculateAPITest"/>
  <testcase name="verifyRightDivideOperation" time="0.045" classname="com.epam.labTA.web.CalculateAPITest"/>
</testsuite> <!-- com.epam.labTA.web.CalculateAPITest -->
