<?xml version="1.0" encoding="UTF-8"?>
<!-- Generated by org.testng.reporters.JUnitReportReporter -->
<testsuite skipped="0" hostname="Olenkas-Air.kyiv.epam.com" name="com.epam.labTA.web.CalculatorRestAPITest" tests="2" failures="0" timestamp="2019-05-10T11:19:10 EEST" time="0.062" errors="0">
  <testcase name="checkOtherOperationTest" time="0.020" classname="com.epam.labTA.web.CalculatorRestAPITest"/>
  <testcase name="checkBodyRestServiceTest" time="0.042" classname="com.epam.labTA.web.CalculatorRestAPITest"/>
</testsuite> <!-- com.epam.labTA.web.CalculatorRestAPITest -->
