<?xml version="1.0" encoding="UTF-8"?>
<!-- Generated by org.testng.reporters.JUnitReportReporter -->
<testsuite skipped="0" hostname="DESKTOP-QPAOO8E" name="com.epam.labTA.web.CalculatorRestAPITest" tests="2" failures="1" timestamp="2019-03-11T11:05:09 EET" time="3.052" errors="0">
  <testcase name="checkMessagefromRestServiceTest" time="0.017" classname="com.epam.labTA.web.CalculatorRestAPITest">
    <failure type="java.lang.AssertionError" message="expected [[&quot;value1-&gt; 12,000000;  value2-&gt; 3,000000; operation: &#039;+&#039;; answer-&gt; 15,0000 &quot;]] but found [[&quot;value1-&gt; 45,000000;  value2-&gt; 11,000000; operation: &#039;*&#039;; answer-&gt; 495,0000 &quot;,&quot;value1-&gt; 12,000000;  value2-&gt; 3,000000; operation: &#039;+&#039;; answer-&gt; 15,0000 &quot;,&quot;value1-&gt; 12,000000;  value2-&gt; 3,000000; operation: &#039;+&#039;; answer-&gt; 15,0000 &quot;,&quot;value1-&gt; 5,000000;  value2-&gt; 6,000000; operation: &#039;/&#039;; answer-&gt; 0,8333 &quot;,&quot;value1-&gt; 6,000000;  value2-&gt; 11,000000; operation: &#039;-&#039;; answer-&gt; -5,0000 &quot;,&quot;value1-&gt; 222,000000;  value2-&gt; 145,000000; operation: &#039;*&#039;; answer-&gt; 32190,0000 &quot;,&quot;value1-&gt; 222,000000;  value2-&gt; 145,000000; operation: &#039;+&#039;; answer-&gt; 367,0000 &quot;,&quot;value1-&gt; 222,000000;  value2-&gt; 145,000000; operation: &#039;-&#039;; answer-&gt; 77,0000 &quot;,&quot;value1-&gt; 222,000000;  value2-&gt; 145,000000; operation: &#039;%&#039;; answer-&gt; 153,1034 &quot;,&quot;value1-&gt; 12,000000;  value2-&gt; 3,000000; operation: &#039;+&#039;; answer-&gt; 15,0000 &quot;,&quot;value1-&gt; 5,000000;  value2-&gt; 6,000000; operation: &#039;/&#039;; answer-&gt; 0,8333 &quot;,&quot;value1-&gt; 6,000000;  value2-&gt; 11,000000; operation: &#039;-&#039;; answer-&gt; -5,0000 &quot;,&quot;value1-&gt; 222,000000;  value2-&gt; 145,000000; operation: &#039;*&#039;; answer-&gt; 32190,0000 &quot;,&quot;value1-&gt; 222,000000;  value2-&gt; 145,000000; operation: &#039;+&#039;; answer-&gt; 367,0000 &quot;,&quot;value1-&gt; 222,000000;  value2-&gt; 145,000000; operation: &#039;-&#039;; answer-&gt; 77,0000 &quot;,&quot;value1-&gt; 222,000000;  value2-&gt; 145,000000; operation: &#039;%&#039;; answer-&gt; 153,1034 &quot;,&quot;value1-&gt; 12,000000;  value2-&gt; 3,000000; operation: &#039;+&#039;; answer-&gt; 15,0000 &quot;,&quot;value1-&gt; 5,000000;  value2-&gt; 6,000000; operation: &#039;/&#039;; answer-&gt; 0,8333 &quot;,&quot;value1-&gt; 6,000000;  value2-&gt; 11,000000; operation: &#039;-&#039;; answer-&gt; -5,0000 &quot;,&quot;value1-&gt; 222,000000;  value2-&gt; 145,000000; operation: &#039;*&#039;; answer-&gt; 32190,0000 &quot;,&quot;value1-&gt; 222,000000;  value2-&gt; 145,000000; operation: &#039;+&#039;; answer-&gt; 367,0000 &quot;,&quot;value1-&gt; 222,000000;  value2-&gt; 145,000000; operation: &#039;-&#039;; answer-&gt; 77,0000 &quot;,&quot;value1-&gt; 222,000000;  value2-&gt; 145,000000; operation: &#039;%&#039;; answer-&gt; 153,1034 &quot;,&quot;value1-&gt; 12,000000;  value2-&gt; 3,000000; operation: &#039;+&#039;; answer-&gt; 15,0000 &quot;,&quot;value1-&gt; 222,000000;  value2-&gt; 145,000000; operation: &#039;*&#039;; answer-&gt; 32190,0000 &quot;,&quot;value1-&gt; 5,000000;  value2-&gt; 6,000000; operation: &#039;/&#039;; answer-&gt; 0,8333 &quot;,&quot;value1-&gt; 6,000000;  value2-&gt; 11,000000; operation: &#039;-&#039;; answer-&gt; -5,0000 &quot;,&quot;value1-&gt; 12,000000;  value2-&gt; 3,000000; operation: &#039;+&#039;; answer-&gt; 15,0000 &quot;,&quot;value1-&gt; 12,000000;  value2-&gt; 3,000000; operation: &#039;+&#039;; answer-&gt; 15,0000 &quot;,&quot;value1-&gt; 222,000000;  value2-&gt; 145,000000; operation: &#039;*&#039;; answer-&gt; 32190,0000 &quot;,&quot;value1-&gt; 222,000000;  value2-&gt; 145,000000; operation: &#039;+&#039;; answer-&gt; 367,0000 &quot;,&quot;value1-&gt; 222,000000;  value2-&gt; 145,000000; operation: &#039;-&#039;; answer-&gt; 77,0000 &quot;,&quot;value1-&gt; 222,000000;  value2-&gt; 145,000000; operation: &#039;%&#039;; answer-&gt; 153,1034 &quot;,&quot;value1-&gt; 6,000000;  value2-&gt; 11,000000; operation: &#039;-&#039;; answer-&gt; -5,0000 &quot;,&quot;value1-&gt; 5,000000;  value2-&gt; 6,000000; operation: &#039;/&#039;; answer-&gt; 0,8333 &quot;,&quot;value1-&gt; 12,000000;  value2-&gt; 3,000000; operation: &#039;+&#039;; answer-&gt; 15,0000 &quot;,&quot;value1-&gt; 12,000000;  value2-&gt; 3,000000; operation: &#039;+&#039;; answer-&gt; 15,0000 &quot;,&quot;value1-&gt; 12,000000;  value2-&gt; 3,000000; operation: &#039;+&#039;; answer-&gt; 15,0000 &quot;,&quot;value1-&gt; 5,000000;  value2-&gt; 6,000000; operation: &#039;/&#039;; answer-&gt; 0,8333 &quot;,&quot;value1-&gt; 6,000000;  value2-&gt; 11,000000; operation: &#039;-&#039;; answer-&gt; -5,0000 &quot;,&quot;value1-&gt; 222,000000;  value2-&gt; 145,000000; operation: &#039;*&#039;; answer-&gt; 32190,0000 &quot;,&quot;value1-&gt; 222,000000;  value2-&gt; 145,000000; operation: &#039;+&#039;; answer-&gt; 367,0000 &quot;,&quot;value1-&gt; 222,000000;  value2-&gt; 145,000000; operation: &#039;-&#039;; answer-&gt; 77,0000 &quot;,&quot;value1-&gt; 222,000000;  value2-&gt; 145,000000; operation: &#039;%&#039;; answer-&gt; 153,1034 &quot;,&quot;value1-&gt; 5,000000;  value2-&gt; 6,000000; operation: &#039;/&#039;; answer-&gt; 0,8333 &quot;,&quot;value1-&gt; 6,000000;  value2-&gt; 11,000000; operation: &#039;-&#039;; answer-&gt; -5,0000 &quot;,&quot;value1-&gt; 222,000000;  value2-&gt; 145,000000; operation: &#039;*&#039;; answer-&gt; 32190,0000 &quot;,&quot;value1-&gt; 222,000000;  value2-&gt; 145,000000; operation: &#039;+&#039;; answer-&gt; 367,0000 &quot;,&quot;value1-&gt; 222,000000;  value2-&gt; 145,000000; operation: &#039;-&#039;; answer-&gt; 77,0000 &quot;,&quot;value1-&gt; 222,000000;  value2-&gt; 145,000000; operation: &#039;%&#039;; answer-&gt; 153,1034 &quot;,&quot;value1-&gt; 12,000000;  value2-&gt; 3,000000; operation: &#039;+&#039;; answer-&gt; 15,0000 &quot;,&quot;value1-&gt; 45,000000;  value2-&gt; 11,000000; operation: &#039;*&#039;; answer-&gt; 495,0000 &quot;,&quot;value1-&gt; 5,000000;  value2-&gt; 6,000000; operation: &#039;/&#039;; answer-&gt; 0,8333 &quot;,&quot;value1-&gt; 6,000000;  value2-&gt; 11,000000; operation: &#039;-&#039;; answer-&gt; -5,0000 &quot;,&quot;value1-&gt; 222,000000;  value2-&gt; 145,000000; operation: &#039;*&#039;; answer-&gt; 32190,0000 &quot;,&quot;value1-&gt; 222,000000;  value2-&gt; 145,000000; operation: &#039;+&#039;; answer-&gt; 367,0000 &quot;,&quot;value1-&gt; 222,000000;  value2-&gt; 145,000000; operation: &#039;-&#039;; answer-&gt; 77,0000 &quot;,&quot;value1-&gt; 222,000000;  value2-&gt; 145,000000; operation: &#039;%&#039;; answer-&gt; 153,1034 &quot;,&quot;value1-&gt; 12,000000;  value2-&gt; 3,000000; operation: &#039;+&#039;; answer-&gt; 15,0000 &quot;,&quot;value1-&gt; 45,000000;  value2-&gt; 11,000000; operation: &#039;*&#039;; answer-&gt; 495,0000 &quot;,&quot;value1-&gt; 5,000000;  value2-&gt; 6,000000; operation: &#039;/&#039;; answer-&gt; 0,8333 &quot;,&quot;value1-&gt; 6,000000;  value2-&gt; 11,000000; operation: &#039;-&#039;; answer-&gt; -5,0000 &quot;,&quot;value1-&gt; 222,000000;  value2-&gt; 145,000000; operation: &#039;*&#039;; answer-&gt; 32190,0000 &quot;,&quot;value1-&gt; 222,000000;  value2-&gt; 145,000000; operation: &#039;+&#039;; answer-&gt; 367,0000 &quot;,&quot;value1-&gt; 222,000000;  value2-&gt; 145,000000; operation: &#039;-&#039;; answer-&gt; 77,0000 &quot;,&quot;value1-&gt; 222,000000;  value2-&gt; 145,000000; operation: &#039;%&#039;; answer-&gt; 153,1034 &quot;,&quot;value1-&gt; 12,000000;  value2-&gt; 3,000000; operation: &#039;+&#039;; answer-&gt; 15,0000 &quot;,&quot;value1-&gt; 45,000000;  value2-&gt; 11,000000; operation: &#039;*&#039;; answer-&gt; 495,0000 &quot;,&quot;value1-&gt; 5,000000;  value2-&gt; 6,000000; operation: &#039;/&#039;; answer-&gt; 0,8333 &quot;,&quot;value1-&gt; 6,000000;  value2-&gt; 11,000000; operation: &#039;-&#039;; answer-&gt; -5,0000 &quot;,&quot;value1-&gt; 222,000000;  value2-&gt; 145,000000; operation: &#039;*&#039;; answer-&gt; 32190,0000 &quot;,&quot;value1-&gt; 222,000000;  value2-&gt; 145,000000; operation: &#039;+&#039;; answer-&gt; 367,0000 &quot;,&quot;value1-&gt; 222,000000;  value2-&gt; 145,000000; operation: &#039;-&#039;; answer-&gt; 77,0000 &quot;,&quot;value1-&gt; 222,000000;  value2-&gt; 145,000000; operation: &#039;%&#039;; answer-&gt; 153,1034 &quot;,&quot;value1-&gt; 12,000000;  value2-&gt; 3,000000; operation: &#039;+&#039;; answer-&gt; 15,0000 &quot;]]">
      <![CDATA[java.lang.AssertionError: expected [["value1-> 12,000000;  value2-> 3,000000; operation: '+'; answer-> 15,0000 "]] but found [["value1-> 45,000000;  value2-> 11,000000; operation: '*'; answer-> 495,0000 ","value1-> 12,000000;  value2-> 3,000000; operation: '+'; answer-> 15,0000 ","value1-> 12,000000;  value2-> 3,000000; operation: '+'; answer-> 15,0000 ","value1-> 5,000000;  value2-> 6,000000; operation: '/'; answer-> 0,8333 ","value1-> 6,000000;  value2-> 11,000000; operation: '-'; answer-> -5,0000 ","value1-> 222,000000;  value2-> 145,000000; operation: '*'; answer-> 32190,0000 ","value1-> 222,000000;  value2-> 145,000000; operation: '+'; answer-> 367,0000 ","value1-> 222,000000;  value2-> 145,000000; operation: '-'; answer-> 77,0000 ","value1-> 222,000000;  value2-> 145,000000; operation: '%'; answer-> 153,1034 ","value1-> 12,000000;  value2-> 3,000000; operation: '+'; answer-> 15,0000 ","value1-> 5,000000;  value2-> 6,000000; operation: '/'; answer-> 0,8333 ","value1-> 6,000000;  value2-> 11,000000; operation: '-'; answer-> -5,0000 ","value1-> 222,000000;  value2-> 145,000000; operation: '*'; answer-> 32190,0000 ","value1-> 222,000000;  value2-> 145,000000; operation: '+'; answer-> 367,0000 ","value1-> 222,000000;  value2-> 145,000000; operation: '-'; answer-> 77,0000 ","value1-> 222,000000;  value2-> 145,000000; operation: '%'; answer-> 153,1034 ","value1-> 12,000000;  value2-> 3,000000; operation: '+'; answer-> 15,0000 ","value1-> 5,000000;  value2-> 6,000000; operation: '/'; answer-> 0,8333 ","value1-> 6,000000;  value2-> 11,000000; operation: '-'; answer-> -5,0000 ","value1-> 222,000000;  value2-> 145,000000; operation: '*'; answer-> 32190,0000 ","value1-> 222,000000;  value2-> 145,000000; operation: '+'; answer-> 367,0000 ","value1-> 222,000000;  value2-> 145,000000; operation: '-'; answer-> 77,0000 ","value1-> 222,000000;  value2-> 145,000000; operation: '%'; answer-> 153,1034 ","value1-> 12,000000;  value2-> 3,000000; operation: '+'; answer-> 15,0000 ","value1-> 222,000000;  value2-> 145,000000; operation: '*'; answer-> 32190,0000 ","value1-> 5,000000;  value2-> 6,000000; operation: '/'; answer-> 0,8333 ","value1-> 6,000000;  value2-> 11,000000; operation: '-'; answer-> -5,0000 ","value1-> 12,000000;  value2-> 3,000000; operation: '+'; answer-> 15,0000 ","value1-> 12,000000;  value2-> 3,000000; operation: '+'; answer-> 15,0000 ","value1-> 222,000000;  value2-> 145,000000; operation: '*'; answer-> 32190,0000 ","value1-> 222,000000;  value2-> 145,000000; operation: '+'; answer-> 367,0000 ","value1-> 222,000000;  value2-> 145,000000; operation: '-'; answer-> 77,0000 ","value1-> 222,000000;  value2-> 145,000000; operation: '%'; answer-> 153,1034 ","value1-> 6,000000;  value2-> 11,000000; operation: '-'; answer-> -5,0000 ","value1-> 5,000000;  value2-> 6,000000; operation: '/'; answer-> 0,8333 ","value1-> 12,000000;  value2-> 3,000000; operation: '+'; answer-> 15,0000 ","value1-> 12,000000;  value2-> 3,000000; operation: '+'; answer-> 15,0000 ","value1-> 12,000000;  value2-> 3,000000; operation: '+'; answer-> 15,0000 ","value1-> 5,000000;  value2-> 6,000000; operation: '/'; answer-> 0,8333 ","value1-> 6,000000;  value2-> 11,000000; operation: '-'; answer-> -5,0000 ","value1-> 222,000000;  value2-> 145,000000; operation: '*'; answer-> 32190,0000 ","value1-> 222,000000;  value2-> 145,000000; operation: '+'; answer-> 367,0000 ","value1-> 222,000000;  value2-> 145,000000; operation: '-'; answer-> 77,0000 ","value1-> 222,000000;  value2-> 145,000000; operation: '%'; answer-> 153,1034 ","value1-> 5,000000;  value2-> 6,000000; operation: '/'; answer-> 0,8333 ","value1-> 6,000000;  value2-> 11,000000; operation: '-'; answer-> -5,0000 ","value1-> 222,000000;  value2-> 145,000000; operation: '*'; answer-> 32190,0000 ","value1-> 222,000000;  value2-> 145,000000; operation: '+'; answer-> 367,0000 ","value1-> 222,000000;  value2-> 145,000000; operation: '-'; answer-> 77,0000 ","value1-> 222,000000;  value2-> 145,000000; operation: '%'; answer-> 153,1034 ","value1-> 12,000000;  value2-> 3,000000; operation: '+'; answer-> 15,0000 ","value1-> 45,000000;  value2-> 11,000000; operation: '*'; answer-> 495,0000 ","value1-> 5,000000;  value2-> 6,000000; operation: '/'; answer-> 0,8333 ","value1-> 6,000000;  value2-> 11,000000; operation: '-'; answer-> -5,0000 ","value1-> 222,000000;  value2-> 145,000000; operation: '*'; answer-> 32190,0000 ","value1-> 222,000000;  value2-> 145,000000; operation: '+'; answer-> 367,0000 ","value1-> 222,000000;  value2-> 145,000000; operation: '-'; answer-> 77,0000 ","value1-> 222,000000;  value2-> 145,000000; operation: '%'; answer-> 153,1034 ","value1-> 12,000000;  value2-> 3,000000; operation: '+'; answer-> 15,0000 ","value1-> 45,000000;  value2-> 11,000000; operation: '*'; answer-> 495,0000 ","value1-> 5,000000;  value2-> 6,000000; operation: '/'; answer-> 0,8333 ","value1-> 6,000000;  value2-> 11,000000; operation: '-'; answer-> -5,0000 ","value1-> 222,000000;  value2-> 145,000000; operation: '*'; answer-> 32190,0000 ","value1-> 222,000000;  value2-> 145,000000; operation: '+'; answer-> 367,0000 ","value1-> 222,000000;  value2-> 145,000000; operation: '-'; answer-> 77,0000 ","value1-> 222,000000;  value2-> 145,000000; operation: '%'; answer-> 153,1034 ","value1-> 12,000000;  value2-> 3,000000; operation: '+'; answer-> 15,0000 ","value1-> 45,000000;  value2-> 11,000000; operation: '*'; answer-> 495,0000 ","value1-> 5,000000;  value2-> 6,000000; operation: '/'; answer-> 0,8333 ","value1-> 6,000000;  value2-> 11,000000; operation: '-'; answer-> -5,0000 ","value1-> 222,000000;  value2-> 145,000000; operation: '*'; answer-> 32190,0000 ","value1-> 222,000000;  value2-> 145,000000; operation: '+'; answer-> 367,0000 ","value1-> 222,000000;  value2-> 145,000000; operation: '-'; answer-> 77,0000 ","value1-> 222,000000;  value2-> 145,000000; operation: '%'; answer-> 153,1034 ","value1-> 12,000000;  value2-> 3,000000; operation: '+'; answer-> 15,0000 "]]
at org.testng.Assert.fail(Assert.java:97)
at org.testng.Assert.assertEqualsImpl(Assert.java:136)
at org.testng.Assert.assertEquals(Assert.java:118)
at org.testng.Assert.assertEquals(Assert.java:575)
at org.testng.Assert.assertEquals(Assert.java:585)
at com.epam.labTA.web.CalculatorRestAPITest.checkMessagefromRestServiceTest(CalculatorRestAPITest.java:29)
at sun.reflect.NativeMethodAccessorImpl.invoke0(Native Method)
at sun.reflect.NativeMethodAccessorImpl.invoke(NativeMethodAccessorImpl.java:62)
at sun.reflect.DelegatingMethodAccessorImpl.invoke(DelegatingMethodAccessorImpl.java:43)
at java.lang.reflect.Method.invoke(Method.java:498)
at org.testng.internal.MethodInvocationHelper.invokeMethod(MethodInvocationHelper.java:131)
at org.testng.internal.TestInvoker.invokeMethod(TestInvoker.java:570)
at org.testng.internal.TestInvoker.invokeTestMethod(TestInvoker.java:170)
at org.testng.internal.MethodRunner.runInSequence(MethodRunner.java:46)
at org.testng.internal.TestInvoker$MethodInvocationAgent.invoke(TestInvoker.java:790)
at org.testng.internal.TestInvoker.invokeTestMethods(TestInvoker.java:143)
at org.testng.internal.TestMethodWorker.invokeTestMethods(TestMethodWorker.java:146)
at org.testng.internal.TestMethodWorker.run(TestMethodWorker.java:128)
at org.testng.TestRunner.privateRun(TestRunner.java:763)
at org.testng.TestRunner.run(TestRunner.java:594)
at org.testng.SuiteRunner.runTest(SuiteRunner.java:398)
at org.testng.SuiteRunner.runSequentially(SuiteRunner.java:392)
at org.testng.SuiteRunner.privateRun(SuiteRunner.java:355)
at org.testng.SuiteRunner.run(SuiteRunner.java:304)
at org.testng.SuiteRunnerWorker.runSuite(SuiteRunnerWorker.java:53)
at org.testng.SuiteRunnerWorker.run(SuiteRunnerWorker.java:96)
at org.testng.TestNG.runSuitesSequentially(TestNG.java:1146)
at org.testng.TestNG.runSuitesLocally(TestNG.java:1067)
at org.testng.TestNG.runSuites(TestNG.java:997)
at org.testng.TestNG.run(TestNG.java:965)
at org.apache.maven.surefire.testng.TestNGExecutor.run(TestNGExecutor.java:281)
at org.apache.maven.surefire.testng.TestNGXmlTestSuite.execute(TestNGXmlTestSuite.java:75)
at org.apache.maven.surefire.testng.TestNGProvider.invoke(TestNGProvider.java:121)
at org.apache.maven.surefire.booter.ForkedBooter.invokeProviderInSameClassLoader(ForkedBooter.java:290)
at org.apache.maven.surefire.booter.ForkedBooter.runSuitesInProcess(ForkedBooter.java:242)
at org.apache.maven.surefire.booter.ForkedBooter.main(ForkedBooter.java:121)
]]>
    </failure>
  </testcase> <!-- checkMessagefromRestServiceTest -->
  <testcase name="checkStatusForEndpointRestTest" time="3.035" classname="com.epam.labTA.web.CalculatorRestAPITest"/>
</testsuite> <!-- com.epam.labTA.web.CalculatorRestAPITest -->
